  [1m[35m (310.9ms)[0m  [1m[35mCREATE DATABASE "react_rails_api_project_template_development" ENCODING = 'unicode'[0m
  [1m[35m (85.9ms)[0m  [1m[35mCREATE DATABASE "react_rails_api_project_template_test" ENCODING = 'unicode'[0m
Started GET "/" for ::1 at 2021-08-24 14:26:13 -0400
Processing by Rails::WelcomeController#index as HTML
  Rendering /Users/sandrawazaz/.rvm/gems/ruby-2.7.4/gems/railties-6.1.3.2/lib/rails/templates/rails/welcome/index.html.erb
  Rendered /Users/sandrawazaz/.rvm/gems/ruby-2.7.4/gems/railties-6.1.3.2/lib/rails/templates/rails/welcome/index.html.erb (Duration: 10.2ms | Allocations: 403)
Completed 200 OK in 30ms (Views: 17.4ms | ActiveRecord: 0.0ms | Allocations: 3432)


Started GET "/favicon.ico" for ::1 at 2021-08-24 14:26:14 -0400
  
ActionController::RoutingError (No route matches [GET] "/favicon.ico"):
  
  [1m[35m (24.2ms)[0m  [1m[35mCREATE TABLE "schema_migrations" ("version" character varying NOT NULL PRIMARY KEY)[0m
  [1m[35m (3.7ms)[0m  [1m[35mCREATE TABLE "ar_internal_metadata" ("key" character varying NOT NULL PRIMARY KEY, "value" character varying, "created_at" timestamp(6) NOT NULL, "updated_at" timestamp(6) NOT NULL)[0m
  [1m[35m (0.1ms)[0m  [1m[34mSELECT pg_try_advisory_lock(1087325618115650655)[0m
  [1m[35m (0.4ms)[0m  [1m[34mSELECT "schema_migrations"."version" FROM "schema_migrations" ORDER BY "schema_migrations"."version" ASC[0m
Migrating to CreateUsers (20210824190116)
  [1m[36mTRANSACTION (0.2ms)[0m  [1m[35mBEGIN[0m
  [1m[35m (8.3ms)[0m  [1m[35mCREATE TABLE "users" ("id" bigserial primary key, "name" character varying, "image" character varying, "height" integer, "weight" integer, "age" integer, "goal" character varying, "created_at" timestamp(6) NOT NULL, "updated_at" timestamp(6) NOT NULL)[0m
  [1m[36mActiveRecord::SchemaMigration Create (0.5ms)[0m  [1m[32mINSERT INTO "schema_migrations" ("version") VALUES ($1) RETURNING "version"[0m  [["version", "20210824190116"]]
  [1m[36mTRANSACTION (0.5ms)[0m  [1m[35mCOMMIT[0m
Migrating to CreateWorkouts (20210824190211)
  [1m[36mTRANSACTION (0.4ms)[0m  [1m[35mBEGIN[0m
  [1m[35m (6.2ms)[0m  [1m[35mCREATE TABLE "workouts" ("id" bigserial primary key, "name" character varying, "description" character varying, "image" character varying, "created_at" timestamp(6) NOT NULL, "updated_at" timestamp(6) NOT NULL)[0m
  [1m[36mActiveRecord::SchemaMigration Create (0.3ms)[0m  [1m[32mINSERT INTO "schema_migrations" ("version") VALUES ($1) RETURNING "version"[0m  [["version", "20210824190211"]]
  [1m[36mTRANSACTION (0.5ms)[0m  [1m[35mCOMMIT[0m
Migrating to CreateReviews (20210824190632)
  [1m[36mTRANSACTION (1.7ms)[0m  [1m[35mBEGIN[0m
  [1m[35m (37.8ms)[0m  [1m[35mCREATE TABLE "reviews" ("id" bigserial primary key, "comment" character varying, "rating" integer, "users_id" bigint NOT NULL, "workouts_id" bigint NOT NULL, "created_at" timestamp(6) NOT NULL, "updated_at" timestamp(6) NOT NULL, CONSTRAINT "fk_rails_7e57f7262e"
FOREIGN KEY ("users_id")
  REFERENCES "users" ("id")
, CONSTRAINT "fk_rails_55333fcf45"
FOREIGN KEY ("workouts_id")
  REFERENCES "workouts" ("id")
)[0m
  [1m[35m (43.4ms)[0m  [1m[35mCREATE INDEX "index_reviews_on_users_id" ON "reviews" ("users_id")[0m
  [1m[35m (1.4ms)[0m  [1m[35mCREATE INDEX "index_reviews_on_workouts_id" ON "reviews" ("workouts_id")[0m
  [1m[36mActiveRecord::SchemaMigration Create (2.1ms)[0m  [1m[32mINSERT INTO "schema_migrations" ("version") VALUES ($1) RETURNING "version"[0m  [["version", "20210824190632"]]
  [1m[36mTRANSACTION (7.3ms)[0m  [1m[35mCOMMIT[0m
Migrating to CreateLists (20210824190832)
  [1m[36mTRANSACTION (0.6ms)[0m  [1m[35mBEGIN[0m
  [1m[35m (4.1ms)[0m  [1m[35mCREATE TABLE "lists" ("id" bigserial primary key, "users_id" bigint NOT NULL, "workouts_id" bigint NOT NULL, "created_at" timestamp(6) NOT NULL, "updated_at" timestamp(6) NOT NULL, CONSTRAINT "fk_rails_c480c1de78"
FOREIGN KEY ("users_id")
  REFERENCES "users" ("id")
, CONSTRAINT "fk_rails_664954234f"
FOREIGN KEY ("workouts_id")
  REFERENCES "workouts" ("id")
)[0m
  [1m[35m (1.4ms)[0m  [1m[35mCREATE INDEX "index_lists_on_users_id" ON "lists" ("users_id")[0m
  [1m[35m (1.4ms)[0m  [1m[35mCREATE INDEX "index_lists_on_workouts_id" ON "lists" ("workouts_id")[0m
  [1m[36mActiveRecord::SchemaMigration Create (0.3ms)[0m  [1m[32mINSERT INTO "schema_migrations" ("version") VALUES ($1) RETURNING "version"[0m  [["version", "20210824190832"]]
  [1m[36mTRANSACTION (0.5ms)[0m  [1m[35mCOMMIT[0m
  [1m[36mActiveRecord::InternalMetadata Load (0.6ms)[0m  [1m[34mSELECT "ar_internal_metadata".* FROM "ar_internal_metadata" WHERE "ar_internal_metadata"."key" = $1 LIMIT $2[0m  [["key", "environment"], ["LIMIT", 1]]
  [1m[36mTRANSACTION (0.2ms)[0m  [1m[35mBEGIN[0m
  [1m[36mActiveRecord::InternalMetadata Create (1.3ms)[0m  [1m[32mINSERT INTO "ar_internal_metadata" ("key", "value", "created_at", "updated_at") VALUES ($1, $2, $3, $4) RETURNING "key"[0m  [["key", "environment"], ["value", "development"], ["created_at", "2021-08-24 19:09:24.483021"], ["updated_at", "2021-08-24 19:09:24.483021"]]
  [1m[36mTRANSACTION (0.4ms)[0m  [1m[35mCOMMIT[0m
  [1m[35m (0.3ms)[0m  [1m[34mSELECT pg_advisory_unlock(1087325618115650655)[0m
  [1m[35m (0.8ms)[0m  [1m[34mSELECT "schema_migrations"."version" FROM "schema_migrations" ORDER BY "schema_migrations"."version" ASC[0m
  [1m[35m (0.1ms)[0m  [1m[34mSELECT pg_try_advisory_lock(1087325618115650655)[0m
  [1m[35m (0.6ms)[0m  [1m[34mSELECT "schema_migrations"."version" FROM "schema_migrations" ORDER BY "schema_migrations"."version" ASC[0m
Migrating to CreateReviews (20210824192528)
  [1m[36mTRANSACTION (0.1ms)[0m  [1m[35mBEGIN[0m
  [1m[35m (9.4ms)[0m  [1m[35mCREATE TABLE "reviews" ("id" bigserial primary key, "comment" character varying, "rating" integer, "user_id" bigint NOT NULL, "workout_id" bigint NOT NULL, "created_at" timestamp(6) NOT NULL, "updated_at" timestamp(6) NOT NULL, CONSTRAINT "fk_rails_74a66bd6c5"
FOREIGN KEY ("user_id")
  REFERENCES "users" ("id")
, CONSTRAINT "fk_rails_28dc75b9d8"
FOREIGN KEY ("workout_id")
  REFERENCES "workouts" ("id")
)[0m
  [1m[36mTRANSACTION (0.1ms)[0m  [1m[31mROLLBACK[0m
  [1m[35m (0.2ms)[0m  [1m[34mSELECT pg_advisory_unlock(1087325618115650655)[0m
  [1m[35m (0.1ms)[0m  [1m[34mSELECT pg_try_advisory_lock(1087325618115650655)[0m
  [1m[35m (0.4ms)[0m  [1m[34mSELECT "schema_migrations"."version" FROM "schema_migrations" ORDER BY "schema_migrations"."version" ASC[0m
Migrating to CreateReviews (20210824192528)
  [1m[36mTRANSACTION (0.1ms)[0m  [1m[35mBEGIN[0m
  [1m[35m (10.7ms)[0m  [1m[35mCREATE TABLE "reviews" ("id" bigserial primary key, "comment" character varying, "rating" integer, "user_id" bigint NOT NULL, "workout_id" bigint NOT NULL, "created_at" timestamp(6) NOT NULL, "updated_at" timestamp(6) NOT NULL, CONSTRAINT "fk_rails_74a66bd6c5"
FOREIGN KEY ("user_id")
  REFERENCES "users" ("id")
, CONSTRAINT "fk_rails_28dc75b9d8"
FOREIGN KEY ("workout_id")
  REFERENCES "workouts" ("id")
)[0m
  [1m[36mTRANSACTION (0.1ms)[0m  [1m[31mROLLBACK[0m
  [1m[35m (0.2ms)[0m  [1m[34mSELECT pg_advisory_unlock(1087325618115650655)[0m
  [1m[35m (0.2ms)[0m  [1m[34mSELECT pg_try_advisory_lock(1087325618115650655)[0m
  [1m[35m (1.4ms)[0m  [1m[34mSELECT "schema_migrations"."version" FROM "schema_migrations" ORDER BY "schema_migrations"."version" ASC[0m
Migrating to CreateReviews (20210824192528)
  [1m[36mTRANSACTION (0.1ms)[0m  [1m[35mBEGIN[0m
  [1m[35m (4.6ms)[0m  [1m[35mCREATE TABLE "reviews" ("id" bigserial primary key, "comment" character varying, "rating" integer, "user_id" bigint NOT NULL, "workout_id" bigint NOT NULL, "created_at" timestamp(6) NOT NULL, "updated_at" timestamp(6) NOT NULL, CONSTRAINT "fk_rails_74a66bd6c5"
FOREIGN KEY ("user_id")
  REFERENCES "users" ("id")
, CONSTRAINT "fk_rails_28dc75b9d8"
FOREIGN KEY ("workout_id")
  REFERENCES "workouts" ("id")
)[0m
  [1m[36mTRANSACTION (0.1ms)[0m  [1m[31mROLLBACK[0m
  [1m[35m (0.2ms)[0m  [1m[34mSELECT pg_advisory_unlock(1087325618115650655)[0m
  [1m[35m (0.1ms)[0m  [1m[34mSELECT pg_try_advisory_lock(1087325618115650655)[0m
  [1m[35m (0.4ms)[0m  [1m[34mSELECT "schema_migrations"."version" FROM "schema_migrations" ORDER BY "schema_migrations"."version" ASC[0m
Migrating to CreateReviews (20210824192528)
  [1m[36mTRANSACTION (0.1ms)[0m  [1m[35mBEGIN[0m
  [1m[35m (3.2ms)[0m  [1m[35mCREATE TABLE "reviews" ("id" bigserial primary key, "comment" character varying, "rating" integer, "user_id" bigint NOT NULL, "workout_id" bigint NOT NULL, "created_at" timestamp(6) NOT NULL, "updated_at" timestamp(6) NOT NULL, CONSTRAINT "fk_rails_74a66bd6c5"
FOREIGN KEY ("user_id")
  REFERENCES "users" ("id")
, CONSTRAINT "fk_rails_28dc75b9d8"
FOREIGN KEY ("workout_id")
  REFERENCES "workouts" ("id")
)[0m
  [1m[36mTRANSACTION (0.2ms)[0m  [1m[31mROLLBACK[0m
  [1m[35m (0.3ms)[0m  [1m[34mSELECT pg_advisory_unlock(1087325618115650655)[0m
  [1m[35m (0.1ms)[0m  [1m[34mSELECT pg_try_advisory_lock(1087325618115650655)[0m
  [1m[35m (0.4ms)[0m  [1m[34mSELECT "schema_migrations"."version" FROM "schema_migrations" ORDER BY "schema_migrations"."version" ASC[0m
Migrating to CreateLists (20210824192555)
  [1m[36mTRANSACTION (0.2ms)[0m  [1m[35mBEGIN[0m
  [1m[35m (5.6ms)[0m  [1m[35mCREATE TABLE "lists" ("id" bigserial primary key, "user_id" bigint NOT NULL, "workout_id" bigint NOT NULL, "created_at" timestamp(6) NOT NULL, "updated_at" timestamp(6) NOT NULL, CONSTRAINT "fk_rails_d6cf4279f7"
FOREIGN KEY ("user_id")
  REFERENCES "users" ("id")
, CONSTRAINT "fk_rails_ec8e02a2ab"
FOREIGN KEY ("workout_id")
  REFERENCES "workouts" ("id")
)[0m
  [1m[36mTRANSACTION (0.3ms)[0m  [1m[31mROLLBACK[0m
  [1m[35m (0.2ms)[0m  [1m[34mSELECT pg_advisory_unlock(1087325618115650655)[0m
  [1m[35m (0.3ms)[0m  [1m[34mSELECT pg_try_advisory_lock(1087325618115650655)[0m
  [1m[35m (1.4ms)[0m  [1m[34mSELECT "schema_migrations"."version" FROM "schema_migrations" ORDER BY "schema_migrations"."version" ASC[0m
  [1m[36mActiveRecord::InternalMetadata Load (0.6ms)[0m  [1m[34mSELECT "ar_internal_metadata".* FROM "ar_internal_metadata" WHERE "ar_internal_metadata"."key" = $1 LIMIT $2[0m  [["key", "environment"], ["LIMIT", 1]]
  [1m[35m (0.2ms)[0m  [1m[34mSELECT pg_advisory_unlock(1087325618115650655)[0m
  [1m[35m (0.5ms)[0m  [1m[34mSELECT "schema_migrations"."version" FROM "schema_migrations" ORDER BY "schema_migrations"."version" ASC[0m
  [1m[35m (0.2ms)[0m  [1m[34mSELECT pg_try_advisory_lock(1087325618115650655)[0m
  [1m[35m (0.7ms)[0m  [1m[34mSELECT "schema_migrations"."version" FROM "schema_migrations" ORDER BY "schema_migrations"."version" ASC[0m
  [1m[36mActiveRecord::InternalMetadata Load (0.4ms)[0m  [1m[34mSELECT "ar_internal_metadata".* FROM "ar_internal_metadata" WHERE "ar_internal_metadata"."key" = $1 LIMIT $2[0m  [["key", "environment"], ["LIMIT", 1]]
  [1m[35m (0.2ms)[0m  [1m[34mSELECT pg_advisory_unlock(1087325618115650655)[0m
  [1m[35m (0.4ms)[0m  [1m[34mSELECT "schema_migrations"."version" FROM "schema_migrations" ORDER BY "schema_migrations"."version" ASC[0m
  [1m[35m (0.2ms)[0m  [1m[34mSELECT pg_try_advisory_lock(1087325618115650655)[0m
  [1m[35m (0.5ms)[0m  [1m[34mSELECT "schema_migrations"."version" FROM "schema_migrations" ORDER BY "schema_migrations"."version" ASC[0m
  [1m[36mActiveRecord::InternalMetadata Load (0.4ms)[0m  [1m[34mSELECT "ar_internal_metadata".* FROM "ar_internal_metadata" WHERE "ar_internal_metadata"."key" = $1 LIMIT $2[0m  [["key", "environment"], ["LIMIT", 1]]
  [1m[35m (0.3ms)[0m  [1m[34mSELECT pg_advisory_unlock(1087325618115650655)[0m
  [1m[35m (0.5ms)[0m  [1m[34mSELECT "schema_migrations"."version" FROM "schema_migrations" ORDER BY "schema_migrations"."version" ASC[0m
  [1m[35m (0.6ms)[0m  [1m[34mSELECT "schema_migrations"."version" FROM "schema_migrations" ORDER BY "schema_migrations"."version" ASC[0m
  [1m[35m (0.3ms)[0m  [1m[34mSELECT "ar_internal_metadata"."value" FROM "ar_internal_metadata" WHERE "ar_internal_metadata"."key" = $1[0m  [["key", "environment"]]
  [1m[35m (0.2ms)[0m  [1m[34mSELECT "schema_migrations"."version" FROM "schema_migrations" ORDER BY "schema_migrations"."version" ASC[0m
  [1m[35m (0.1ms)[0m  [1m[34mSELECT "ar_internal_metadata"."value" FROM "ar_internal_metadata" WHERE "ar_internal_metadata"."key" = $1[0m  [["key", "environment"]]
  [1m[35m (0.1ms)[0m  [1m[34mSELECT "schema_migrations"."version" FROM "schema_migrations" ORDER BY "schema_migrations"."version" ASC[0m
  [1m[35m (0.1ms)[0m  [1m[34mSELECT "ar_internal_metadata"."value" FROM "ar_internal_metadata" WHERE "ar_internal_metadata"."key" = $1[0m  [["key", "environment"]]
  [1m[35m (81.9ms)[0m  [1m[35mDROP DATABASE IF EXISTS "react_rails_api_project_template_development"[0m
  [1m[35m (41.8ms)[0m  [1m[35mDROP DATABASE IF EXISTS "react_rails_api_project_template_test"[0m
  [1m[35m (330.3ms)[0m  [1m[35mCREATE DATABASE "react_rails_api_project_template_development" ENCODING = 'unicode'[0m
  [1m[35m (91.8ms)[0m  [1m[35mCREATE DATABASE "react_rails_api_project_template_test" ENCODING = 'unicode'[0m
  [1m[35m (4.2ms)[0m  [1m[35mCREATE TABLE "schema_migrations" ("version" character varying NOT NULL PRIMARY KEY)[0m
  [1m[35m (2.5ms)[0m  [1m[35mCREATE TABLE "ar_internal_metadata" ("key" character varying NOT NULL PRIMARY KEY, "value" character varying, "created_at" timestamp(6) NOT NULL, "updated_at" timestamp(6) NOT NULL)[0m
  [1m[35m (0.1ms)[0m  [1m[34mSELECT pg_try_advisory_lock(1087325618115650655)[0m
  [1m[35m (0.3ms)[0m  [1m[34mSELECT "schema_migrations"."version" FROM "schema_migrations" ORDER BY "schema_migrations"."version" ASC[0m
  [1m[36mActiveRecord::InternalMetadata Load (0.3ms)[0m  [1m[34mSELECT "ar_internal_metadata".* FROM "ar_internal_metadata" WHERE "ar_internal_metadata"."key" = $1 LIMIT $2[0m  [["key", "environment"], ["LIMIT", 1]]
  [1m[36mTRANSACTION (0.1ms)[0m  [1m[35mBEGIN[0m
  [1m[36mActiveRecord::InternalMetadata Create (0.4ms)[0m  [1m[32mINSERT INTO "ar_internal_metadata" ("key", "value", "created_at", "updated_at") VALUES ($1, $2, $3, $4) RETURNING "key"[0m  [["key", "environment"], ["value", "development"], ["created_at", "2021-08-24 19:39:53.802579"], ["updated_at", "2021-08-24 19:39:53.802579"]]
  [1m[36mTRANSACTION (0.4ms)[0m  [1m[35mCOMMIT[0m
  [1m[35m (0.2ms)[0m  [1m[34mSELECT pg_advisory_unlock(1087325618115650655)[0m
  [1m[35m (0.5ms)[0m  [1m[34mSELECT "schema_migrations"."version" FROM "schema_migrations" ORDER BY "schema_migrations"."version" ASC[0m
  [1m[35m (0.7ms)[0m  [1m[34mSELECT "schema_migrations"."version" FROM "schema_migrations" ORDER BY "schema_migrations"."version" ASC[0m
  [1m[35m (0.4ms)[0m  [1m[34mSELECT "schema_migrations"."version" FROM "schema_migrations" ORDER BY "schema_migrations"."version" ASC[0m
  [1m[35m (30.0ms)[0m  [1m[35mDROP DATABASE IF EXISTS "react_rails_api_project_template_development"[0m
  [1m[35m (24.0ms)[0m  [1m[35mDROP DATABASE IF EXISTS "react_rails_api_project_template_test"[0m
  [1m[35m (155.5ms)[0m  [1m[35mCREATE DATABASE "react_rails_api_project_template_development" ENCODING = 'unicode'[0m
  [1m[35m (66.5ms)[0m  [1m[35mCREATE DATABASE "react_rails_api_project_template_test" ENCODING = 'unicode'[0m
  [1m[35m (24.3ms)[0m  [1m[35mCREATE TABLE "schema_migrations" ("version" character varying NOT NULL PRIMARY KEY)[0m
  [1m[35m (4.7ms)[0m  [1m[35mCREATE TABLE "ar_internal_metadata" ("key" character varying NOT NULL PRIMARY KEY, "value" character varying, "created_at" timestamp(6) NOT NULL, "updated_at" timestamp(6) NOT NULL)[0m
  [1m[35m (0.2ms)[0m  [1m[34mSELECT pg_try_advisory_lock(1087325618115650655)[0m
  [1m[35m (0.5ms)[0m  [1m[34mSELECT "schema_migrations"."version" FROM "schema_migrations" ORDER BY "schema_migrations"."version" ASC[0m
Migrating to CreateUsers (20210824194044)
  [1m[36mTRANSACTION (0.2ms)[0m  [1m[35mBEGIN[0m
  [1m[35m (7.6ms)[0m  [1m[35mCREATE TABLE "users" ("id" bigserial primary key, "name" character varying, "image" character varying, "height" integer, "weight" integer, "age" integer, "goal" character varying, "created_at" timestamp(6) NOT NULL, "updated_at" timestamp(6) NOT NULL)[0m
  [1m[36mActiveRecord::SchemaMigration Create (0.4ms)[0m  [1m[32mINSERT INTO "schema_migrations" ("version") VALUES ($1) RETURNING "version"[0m  [["version", "20210824194044"]]
  [1m[36mTRANSACTION (0.5ms)[0m  [1m[35mCOMMIT[0m
Migrating to CreateWorkouts (20210824194155)
  [1m[36mTRANSACTION (0.3ms)[0m  [1m[35mBEGIN[0m
  [1m[35m (4.5ms)[0m  [1m[35mCREATE TABLE "workouts" ("id" bigserial primary key, "name" character varying, "description" character varying, "image" character varying, "created_at" timestamp(6) NOT NULL, "updated_at" timestamp(6) NOT NULL)[0m
  [1m[36mActiveRecord::SchemaMigration Create (0.3ms)[0m  [1m[32mINSERT INTO "schema_migrations" ("version") VALUES ($1) RETURNING "version"[0m  [["version", "20210824194155"]]
  [1m[36mTRANSACTION (0.5ms)[0m  [1m[35mCOMMIT[0m
Migrating to CreateReviews (20210824194233)
  [1m[36mTRANSACTION (0.3ms)[0m  [1m[35mBEGIN[0m
  [1m[35m (7.4ms)[0m  [1m[35mCREATE TABLE "reviews" ("id" bigserial primary key, "comment" character varying, "rating" integer, "user_id" bigint NOT NULL, "workout_id" bigint NOT NULL, "created_at" timestamp(6) NOT NULL, "updated_at" timestamp(6) NOT NULL, CONSTRAINT "fk_rails_74a66bd6c5"
FOREIGN KEY ("user_id")
  REFERENCES "users" ("id")
, CONSTRAINT "fk_rails_28dc75b9d8"
FOREIGN KEY ("workout_id")
  REFERENCES "workouts" ("id")
)[0m
  [1m[35m (1.4ms)[0m  [1m[35mCREATE INDEX "index_reviews_on_user_id" ON "reviews" ("user_id")[0m
  [1m[35m (1.0ms)[0m  [1m[35mCREATE INDEX "index_reviews_on_workout_id" ON "reviews" ("workout_id")[0m
  [1m[36mActiveRecord::SchemaMigration Create (0.4ms)[0m  [1m[32mINSERT INTO "schema_migrations" ("version") VALUES ($1) RETURNING "version"[0m  [["version", "20210824194233"]]
  [1m[36mTRANSACTION (0.4ms)[0m  [1m[35mCOMMIT[0m
Migrating to CreateLists (20210824194253)
  [1m[36mTRANSACTION (0.3ms)[0m  [1m[35mBEGIN[0m
  [1m[35m (4.3ms)[0m  [1m[35mCREATE TABLE "lists" ("id" bigserial primary key, "user_id" bigint NOT NULL, "workout_id" bigint NOT NULL, "created_at" timestamp(6) NOT NULL, "updated_at" timestamp(6) NOT NULL, CONSTRAINT "fk_rails_d6cf4279f7"
FOREIGN KEY ("user_id")
  REFERENCES "users" ("id")
, CONSTRAINT "fk_rails_ec8e02a2ab"
FOREIGN KEY ("workout_id")
  REFERENCES "workouts" ("id")
)[0m
  [1m[35m (1.2ms)[0m  [1m[35mCREATE INDEX "index_lists_on_user_id" ON "lists" ("user_id")[0m
  [1m[35m (1.0ms)[0m  [1m[35mCREATE INDEX "index_lists_on_workout_id" ON "lists" ("workout_id")[0m
  [1m[36mActiveRecord::SchemaMigration Create (0.4ms)[0m  [1m[32mINSERT INTO "schema_migrations" ("version") VALUES ($1) RETURNING "version"[0m  [["version", "20210824194253"]]
  [1m[36mTRANSACTION (0.4ms)[0m  [1m[35mCOMMIT[0m
  [1m[36mActiveRecord::InternalMetadata Load (0.3ms)[0m  [1m[34mSELECT "ar_internal_metadata".* FROM "ar_internal_metadata" WHERE "ar_internal_metadata"."key" = $1 LIMIT $2[0m  [["key", "environment"], ["LIMIT", 1]]
  [1m[36mTRANSACTION (0.1ms)[0m  [1m[35mBEGIN[0m
  [1m[36mActiveRecord::InternalMetadata Create (0.9ms)[0m  [1m[32mINSERT INTO "ar_internal_metadata" ("key", "value", "created_at", "updated_at") VALUES ($1, $2, $3, $4) RETURNING "key"[0m  [["key", "environment"], ["value", "development"], ["created_at", "2021-08-24 19:43:37.015969"], ["updated_at", "2021-08-24 19:43:37.015969"]]
  [1m[36mTRANSACTION (0.4ms)[0m  [1m[35mCOMMIT[0m
  [1m[35m (0.3ms)[0m  [1m[34mSELECT pg_advisory_unlock(1087325618115650655)[0m
  [1m[35m (0.7ms)[0m  [1m[34mSELECT "schema_migrations"."version" FROM "schema_migrations" ORDER BY "schema_migrations"."version" ASC[0m
  [1m[35m (0.7ms)[0m  [1m[34mSELECT "schema_migrations"."version" FROM "schema_migrations" ORDER BY "schema_migrations"."version" ASC[0m
  [1m[35m (0.5ms)[0m  [1m[34mSELECT "schema_migrations"."version" FROM "schema_migrations" ORDER BY "schema_migrations"."version" ASC[0m
  [1m[35m (0.6ms)[0m  [1m[34mSELECT "schema_migrations"."version" FROM "schema_migrations" ORDER BY "schema_migrations"."version" ASC[0m
  [1m[36mReview Load (7.8ms)[0m  [1m[34mSELECT "reviews".* FROM "reviews"[0m
  [1m[36mList Load (3.4ms)[0m  [1m[34mSELECT "lists".* FROM "lists"[0m
  [1m[36mUser Load (2.2ms)[0m  [1m[34mSELECT "users".* FROM "users"[0m
  [1m[36mWorkout Load (1.0ms)[0m  [1m[34mSELECT "workouts".* FROM "workouts"[0m
  [1m[35m (0.5ms)[0m  [1m[34mSELECT "schema_migrations"."version" FROM "schema_migrations" ORDER BY "schema_migrations"."version" ASC[0m
  [1m[36mReview Load (0.6ms)[0m  [1m[34mSELECT "reviews".* FROM "reviews"[0m
  [1m[36mList Load (0.6ms)[0m  [1m[34mSELECT "lists".* FROM "lists"[0m
  [1m[36mUser Load (0.5ms)[0m  [1m[34mSELECT "users".* FROM "users"[0m
  [1m[36mWorkout Load (0.5ms)[0m  [1m[34mSELECT "workouts".* FROM "workouts"[0m
  [1m[35m (0.9ms)[0m  [1m[34mSELECT "schema_migrations"."version" FROM "schema_migrations" ORDER BY "schema_migrations"."version" ASC[0m
  [1m[36mReview Load (0.6ms)[0m  [1m[34mSELECT "reviews".* FROM "reviews"[0m
  [1m[36mList Load (0.4ms)[0m  [1m[34mSELECT "lists".* FROM "lists"[0m
  [1m[36mUser Load (0.5ms)[0m  [1m[34mSELECT "users".* FROM "users"[0m
  [1m[36mWorkout Load (0.5ms)[0m  [1m[34mSELECT "workouts".* FROM "workouts"[0m
  [1m[35m (0.5ms)[0m  [1m[34mSELECT "schema_migrations"."version" FROM "schema_migrations" ORDER BY "schema_migrations"."version" ASC[0m
  [1m[36mReview Load (0.8ms)[0m  [1m[34mSELECT "reviews".* FROM "reviews"[0m
  [1m[36mList Load (0.5ms)[0m  [1m[34mSELECT "lists".* FROM "lists"[0m
  [1m[36mUser Load (0.5ms)[0m  [1m[34mSELECT "users".* FROM "users"[0m
  [1m[36mWorkout Load (0.5ms)[0m  [1m[34mSELECT "workouts".* FROM "workouts"[0m
  [1m[36mTRANSACTION (0.1ms)[0m  [1m[35mBEGIN[0m
  [1m[36mUser Create (4.8ms)[0m  [1m[32mINSERT INTO "users" ("name", "image", "height", "weight", "age", "goal", "created_at", "updated_at") VALUES ($1, $2, $3, $4, $5, $6, $7, $8) RETURNING "id"[0m  [["name", "Sandra"], ["image", "https://cdn.shopify.com/s/files/1/2040/0303/products/Cool_Serious_Buff_Red_Bull_with_Horns_Cartoon_-_Upperbody_657435830_grande.jpg?v=1518308817"], ["height", 72], ["weight", 135], ["age", 24], ["goal", "To become the strongest!"], ["created_at", "2021-08-24 20:58:28.687132"], ["updated_at", "2021-08-24 20:58:28.687132"]]
  [1m[36mTRANSACTION (1.2ms)[0m  [1m[35mCOMMIT[0m
  [1m[36mTRANSACTION (0.1ms)[0m  [1m[35mBEGIN[0m
  [1m[36mUser Create (0.2ms)[0m  [1m[32mINSERT INTO "users" ("name", "image", "height", "weight", "age", "goal", "created_at", "updated_at") VALUES ($1, $2, $3, $4, $5, $6, $7, $8) RETURNING "id"[0m  [["name", "Matt"], ["image", "https://jbhnews.com/wp-content/uploads/2019/12/get-ripped-fast-shredded-quickly-1.png"], ["height", 71], ["weight", 190], ["age", 27], ["goal", "To be an animal"], ["created_at", "2021-08-24 20:58:28.696781"], ["updated_at", "2021-08-24 20:58:28.696781"]]
  [1m[36mTRANSACTION (0.3ms)[0m  [1m[35mCOMMIT[0m
  [1m[36mTRANSACTION (0.1ms)[0m  [1m[35mBEGIN[0m
  [1m[36mUser Create (0.2ms)[0m  [1m[32mINSERT INTO "users" ("name", "image", "height", "weight", "age", "goal", "created_at", "updated_at") VALUES ($1, $2, $3, $4, $5, $6, $7, $8) RETURNING "id"[0m  [["name", "Brittany"], ["image", "https://skinnyms.com/wp-content/uploads/2017/12/7-Insane-HIIT-Leg-Workouts-With-Weights-for-Sleek-Sexy-Legs-750x500.jpg"], ["height", 65], ["weight", 150], ["age", 26], ["goal", "I want to look my best"], ["created_at", "2021-08-24 20:58:28.699969"], ["updated_at", "2021-08-24 20:58:28.699969"]]
  [1m[36mTRANSACTION (0.3ms)[0m  [1m[35mCOMMIT[0m
  [1m[36mTRANSACTION (0.1ms)[0m  [1m[35mBEGIN[0m
  [1m[36mWorkout Create (1.6ms)[0m  [1m[32mINSERT INTO "workouts" ("name", "description", "image", "created_at", "updated_at") VALUES ($1, $2, $3, $4, $5) RETURNING "id"[0m  [["name", "Booty Buster"], ["description", "Bust your butt for the summer!"], ["image", "https://www.mensjournal.com/wp-content/uploads/mf/_main_goblet-squat_1.jpg?quality=86&strip=all"], ["created_at", "2021-08-24 20:58:28.708413"], ["updated_at", "2021-08-24 20:58:28.708413"]]
  [1m[36mTRANSACTION (0.3ms)[0m  [1m[35mCOMMIT[0m
  [1m[36mTRANSACTION (0.1ms)[0m  [1m[35mBEGIN[0m
  [1m[36mWorkout Create (0.2ms)[0m  [1m[32mINSERT INTO "workouts" ("name", "description", "image", "created_at", "updated_at") VALUES ($1, $2, $3, $4, $5) RETURNING "id"[0m  [["name", "Ab Annihilation"], ["description", "Destroy your abs!"], ["image", "https://encrypted-tbn0.gstatic.com/images?q=tbn:ANd9GcTiMorsTC52ShQ4F_YCaC893nxDl2t6WfFW9jFX5WHenGfxfmBK9TliZqYJj5EaBkVXvdw&usqp=CAU"], ["created_at", "2021-08-24 20:58:28.712747"], ["updated_at", "2021-08-24 20:58:28.712747"]]
  [1m[36mTRANSACTION (0.4ms)[0m  [1m[35mCOMMIT[0m
  [1m[36mTRANSACTION (0.1ms)[0m  [1m[35mBEGIN[0m
  [1m[36mWorkout Create (0.3ms)[0m  [1m[32mINSERT INTO "workouts" ("name", "description", "image", "created_at", "updated_at") VALUES ($1, $2, $3, $4, $5) RETURNING "id"[0m  [["name", "Shoulder Shredder"], ["description", "Boulder shoulders!"], ["image", "https://fitnessvolt.com/wp-content/uploads/2017/01/best-shoulder-exercise.jpg"], ["created_at", "2021-08-24 20:58:28.715615"], ["updated_at", "2021-08-24 20:58:28.715615"]]
  [1m[36mTRANSACTION (0.4ms)[0m  [1m[35mCOMMIT[0m
  [1m[36mTRANSACTION (0.1ms)[0m  [1m[35mBEGIN[0m
  [1m[36mWorkout Create (0.2ms)[0m  [1m[32mINSERT INTO "workouts" ("name", "description", "image", "created_at", "updated_at") VALUES ($1, $2, $3, $4, $5) RETURNING "id"[0m  [["name", "Back Builder"], ["description", "Become a silverback gorilla!"], ["image", "https://www.muscleandfitness.com/wp-content/uploads/2020/07/Mr-Olympia-and-Professional-Bodybuilder-Phil-Heath-Showing-His-Back-Muscles.jpg?quality=86&strip=all"], ["created_at", "2021-08-24 20:58:28.718633"], ["updated_at", "2021-08-24 20:58:28.718633"]]
  [1m[36mTRANSACTION (0.4ms)[0m  [1m[35mCOMMIT[0m
  [1m[36mTRANSACTION (0.1ms)[0m  [1m[35mBEGIN[0m
  [1m[36mWorkout Create (0.2ms)[0m  [1m[32mINSERT INTO "workouts" ("name", "description", "image", "created_at", "updated_at") VALUES ($1, $2, $3, $4, $5) RETURNING "id"[0m  [["name", "Calf Killer"], ["description", "You may not be able to walk tomorrow!"], ["image", "https://encrypted-tbn0.gstatic.com/images?q=tbn:ANd9GcTRATip7PLf4exTuZAVmP_TGACCgGJ1hYSZ2e5GP_-YZtGKmxt0d5UKQA3A4wFlBWwjT-k&usqp=CAU"], ["created_at", "2021-08-24 20:58:28.721467"], ["updated_at", "2021-08-24 20:58:28.721467"]]
  [1m[36mTRANSACTION (0.4ms)[0m  [1m[35mCOMMIT[0m
  [1m[36mTRANSACTION (0.1ms)[0m  [1m[35mBEGIN[0m
  [1m[36mWorkout Create (0.2ms)[0m  [1m[32mINSERT INTO "workouts" ("name", "description", "image", "created_at", "updated_at") VALUES ($1, $2, $3, $4, $5) RETURNING "id"[0m  [["name", "HIIT Heaven"], ["description", "Insane cardio"], ["image", "https://lmimirror3pvr.azureedge.net/static/media/12419/3ba321af-9388-46d2-91d5-7b86a67b8c45/hiit_960x540-v2.jpg"], ["created_at", "2021-08-24 20:58:28.724549"], ["updated_at", "2021-08-24 20:58:28.724549"]]
  [1m[36mTRANSACTION (0.4ms)[0m  [1m[35mCOMMIT[0m
  [1m[36mTRANSACTION (0.2ms)[0m  [1m[35mBEGIN[0m
  [1m[36mUser Load (0.2ms)[0m  [1m[34mSELECT "users".* FROM "users" WHERE "users"."id" = $1 LIMIT $2[0m  [["id", 1], ["LIMIT", 1]]
  [1m[36mWorkout Load (0.2ms)[0m  [1m[34mSELECT "workouts".* FROM "workouts" WHERE "workouts"."id" = $1 LIMIT $2[0m  [["id", 1], ["LIMIT", 1]]
  [1m[36mList Create (0.9ms)[0m  [1m[32mINSERT INTO "lists" ("user_id", "workout_id", "created_at", "updated_at") VALUES ($1, $2, $3, $4) RETURNING "id"[0m  [["user_id", 1], ["workout_id", 1], ["created_at", "2021-08-24 20:58:28.759901"], ["updated_at", "2021-08-24 20:58:28.759901"]]
  [1m[36mTRANSACTION (0.4ms)[0m  [1m[35mCOMMIT[0m
  [1m[36mTRANSACTION (0.1ms)[0m  [1m[35mBEGIN[0m
  [1m[36mUser Load (0.2ms)[0m  [1m[34mSELECT "users".* FROM "users" WHERE "users"."id" = $1 LIMIT $2[0m  [["id", 2], ["LIMIT", 1]]
  [1m[36mWorkout Load (0.2ms)[0m  [1m[34mSELECT "workouts".* FROM "workouts" WHERE "workouts"."id" = $1 LIMIT $2[0m  [["id", 2], ["LIMIT", 1]]
  [1m[36mList Create (0.3ms)[0m  [1m[32mINSERT INTO "lists" ("user_id", "workout_id", "created_at", "updated_at") VALUES ($1, $2, $3, $4) RETURNING "id"[0m  [["user_id", 2], ["workout_id", 2], ["created_at", "2021-08-24 20:58:28.766968"], ["updated_at", "2021-08-24 20:58:28.766968"]]
  [1m[36mTRANSACTION (0.4ms)[0m  [1m[35mCOMMIT[0m
  [1m[36mTRANSACTION (0.1ms)[0m  [1m[35mBEGIN[0m
  [1m[36mUser Load (0.2ms)[0m  [1m[34mSELECT "users".* FROM "users" WHERE "users"."id" = $1 LIMIT $2[0m  [["id", 3], ["LIMIT", 1]]
  [1m[36mWorkout Load (0.2ms)[0m  [1m[34mSELECT "workouts".* FROM "workouts" WHERE "workouts"."id" = $1 LIMIT $2[0m  [["id", 5], ["LIMIT", 1]]
  [1m[36mList Create (0.4ms)[0m  [1m[32mINSERT INTO "lists" ("user_id", "workout_id", "created_at", "updated_at") VALUES ($1, $2, $3, $4) RETURNING "id"[0m  [["user_id", 3], ["workout_id", 5], ["created_at", "2021-08-24 20:58:28.773212"], ["updated_at", "2021-08-24 20:58:28.773212"]]
  [1m[36mTRANSACTION (0.4ms)[0m  [1m[35mCOMMIT[0m
  [1m[36mTRANSACTION (0.1ms)[0m  [1m[35mBEGIN[0m
  [1m[36mUser Load (0.2ms)[0m  [1m[34mSELECT "users".* FROM "users" WHERE "users"."id" = $1 LIMIT $2[0m  [["id", 1], ["LIMIT", 1]]
  [1m[36mWorkout Load (0.1ms)[0m  [1m[34mSELECT "workouts".* FROM "workouts" WHERE "workouts"."id" = $1 LIMIT $2[0m  [["id", 1], ["LIMIT", 1]]
  [1m[36mReview Create (0.7ms)[0m  [1m[32mINSERT INTO "reviews" ("comment", "rating", "user_id", "workout_id", "created_at", "updated_at") VALUES ($1, $2, $3, $4, $5, $6) RETURNING "id"[0m  [["comment", "Kicked my butt!"], ["rating", 7], ["user_id", 1], ["workout_id", 1], ["created_at", "2021-08-24 20:58:28.791880"], ["updated_at", "2021-08-24 20:58:28.791880"]]
  [1m[36mTRANSACTION (0.4ms)[0m  [1m[35mCOMMIT[0m
  [1m[36mTRANSACTION (0.1ms)[0m  [1m[35mBEGIN[0m
  [1m[36mUser Load (0.2ms)[0m  [1m[34mSELECT "users".* FROM "users" WHERE "users"."id" = $1 LIMIT $2[0m  [["id", 2], ["LIMIT", 1]]
  [1m[36mWorkout Load (0.2ms)[0m  [1m[34mSELECT "workouts".* FROM "workouts" WHERE "workouts"."id" = $1 LIMIT $2[0m  [["id", 1], ["LIMIT", 1]]
  [1m[36mReview Create (0.3ms)[0m  [1m[32mINSERT INTO "reviews" ("comment", "rating", "user_id", "workout_id", "created_at", "updated_at") VALUES ($1, $2, $3, $4, $5, $6) RETURNING "id"[0m  [["comment", "Too difficult!"], ["rating", 4], ["user_id", 2], ["workout_id", 1], ["created_at", "2021-08-24 20:58:28.799659"], ["updated_at", "2021-08-24 20:58:28.799659"]]
  [1m[36mTRANSACTION (0.4ms)[0m  [1m[35mCOMMIT[0m
  [1m[36mTRANSACTION (0.1ms)[0m  [1m[35mBEGIN[0m
  [1m[36mUser Load (0.1ms)[0m  [1m[34mSELECT "users".* FROM "users" WHERE "users"."id" = $1 LIMIT $2[0m  [["id", 3], ["LIMIT", 1]]
  [1m[36mWorkout Load (0.1ms)[0m  [1m[34mSELECT "workouts".* FROM "workouts" WHERE "workouts"."id" = $1 LIMIT $2[0m  [["id", 1], ["LIMIT", 1]]
  [1m[36mReview Create (0.3ms)[0m  [1m[32mINSERT INTO "reviews" ("comment", "rating", "user_id", "workout_id", "created_at", "updated_at") VALUES ($1, $2, $3, $4, $5, $6) RETURNING "id"[0m  [["comment", "What a pump!"], ["rating", 10], ["user_id", 3], ["workout_id", 1], ["created_at", "2021-08-24 20:58:28.805862"], ["updated_at", "2021-08-24 20:58:28.805862"]]
  [1m[36mTRANSACTION (0.5ms)[0m  [1m[35mCOMMIT[0m
Started GET "/" for ::1 at 2021-08-24 17:01:46 -0400
  [1m[35m (0.7ms)[0m  [1m[34mSELECT "schema_migrations"."version" FROM "schema_migrations" ORDER BY "schema_migrations"."version" ASC[0m
  
ActiveRecord::PendingMigrationError (

Migrations are pending. To resolve this issue, run:

        bin/rails db:migrate RAILS_ENV=development

You have 0 pending migration:



):
  
activerecord (6.1.3.2) lib/active_record/migration.rb:625:in `check_pending!'
activerecord (6.1.3.2) lib/active_record/migration.rb:590:in `block (2 levels) in call'
activesupport (6.1.3.2) lib/active_support/evented_file_update_checker.rb:59:in `execute'
activesupport (6.1.3.2) lib/active_support/evented_file_update_checker.rb:65:in `execute_if_updated'
activerecord (6.1.3.2) lib/active_record/migration.rb:597:in `block in call'
activerecord (6.1.3.2) lib/active_record/migration.rb:587:in `synchronize'
activerecord (6.1.3.2) lib/active_record/migration.rb:587:in `call'
actionpack (6.1.3.2) lib/action_dispatch/middleware/callbacks.rb:27:in `block in call'
activesupport (6.1.3.2) lib/active_support/callbacks.rb:98:in `run_callbacks'
actionpack (6.1.3.2) lib/action_dispatch/middleware/callbacks.rb:26:in `call'
actionpack (6.1.3.2) lib/action_dispatch/middleware/executor.rb:14:in `call'
actionpack (6.1.3.2) lib/action_dispatch/middleware/actionable_exceptions.rb:18:in `call'
actionpack (6.1.3.2) lib/action_dispatch/middleware/debug_exceptions.rb:29:in `call'
actionpack (6.1.3.2) lib/action_dispatch/middleware/show_exceptions.rb:33:in `call'
railties (6.1.3.2) lib/rails/rack/logger.rb:37:in `call_app'
railties (6.1.3.2) lib/rails/rack/logger.rb:26:in `block in call'
activesupport (6.1.3.2) lib/active_support/tagged_logging.rb:99:in `block in tagged'
activesupport (6.1.3.2) lib/active_support/tagged_logging.rb:37:in `tagged'
activesupport (6.1.3.2) lib/active_support/tagged_logging.rb:99:in `tagged'
railties (6.1.3.2) lib/rails/rack/logger.rb:26:in `call'
actionpack (6.1.3.2) lib/action_dispatch/middleware/remote_ip.rb:81:in `call'
actionpack (6.1.3.2) lib/action_dispatch/middleware/request_id.rb:26:in `call'
rack (2.2.3) lib/rack/runtime.rb:22:in `call'
activesupport (6.1.3.2) lib/active_support/cache/strategy/local_cache_middleware.rb:29:in `call'
actionpack (6.1.3.2) lib/action_dispatch/middleware/executor.rb:14:in `call'
actionpack (6.1.3.2) lib/action_dispatch/middleware/static.rb:24:in `call'
rack (2.2.3) lib/rack/sendfile.rb:110:in `call'
actionpack (6.1.3.2) lib/action_dispatch/middleware/host_authorization.rb:98:in `call'
railties (6.1.3.2) lib/rails/engine.rb:539:in `call'
puma (5.3.2) lib/puma/configuration.rb:249:in `call'
puma (5.3.2) lib/puma/request.rb:77:in `block in handle_request'
puma (5.3.2) lib/puma/thread_pool.rb:338:in `with_force_shutdown'
puma (5.3.2) lib/puma/request.rb:76:in `handle_request'
puma (5.3.2) lib/puma/server.rb:438:in `process_client'
puma (5.3.2) lib/puma/thread_pool.rb:145:in `block in spawn_thread'
Started GET "/favicon.ico" for ::1 at 2021-08-24 17:01:47 -0400
  [1m[35m (0.3ms)[0m  [1m[34mSELECT "schema_migrations"."version" FROM "schema_migrations" ORDER BY "schema_migrations"."version" ASC[0m
  
ActiveRecord::PendingMigrationError (

Migrations are pending. To resolve this issue, run:

        bin/rails db:migrate RAILS_ENV=development

You have 0 pending migration:



):
  
activerecord (6.1.3.2) lib/active_record/migration.rb:625:in `check_pending!'
activerecord (6.1.3.2) lib/active_record/migration.rb:590:in `block (2 levels) in call'
activesupport (6.1.3.2) lib/active_support/evented_file_update_checker.rb:59:in `execute'
activerecord (6.1.3.2) lib/active_record/migration.rb:595:in `block in call'
activerecord (6.1.3.2) lib/active_record/migration.rb:587:in `synchronize'
activerecord (6.1.3.2) lib/active_record/migration.rb:587:in `call'
actionpack (6.1.3.2) lib/action_dispatch/middleware/callbacks.rb:27:in `block in call'
activesupport (6.1.3.2) lib/active_support/callbacks.rb:98:in `run_callbacks'
actionpack (6.1.3.2) lib/action_dispatch/middleware/callbacks.rb:26:in `call'
actionpack (6.1.3.2) lib/action_dispatch/middleware/executor.rb:14:in `call'
actionpack (6.1.3.2) lib/action_dispatch/middleware/actionable_exceptions.rb:18:in `call'
actionpack (6.1.3.2) lib/action_dispatch/middleware/debug_exceptions.rb:29:in `call'
actionpack (6.1.3.2) lib/action_dispatch/middleware/show_exceptions.rb:33:in `call'
railties (6.1.3.2) lib/rails/rack/logger.rb:37:in `call_app'
railties (6.1.3.2) lib/rails/rack/logger.rb:26:in `block in call'
activesupport (6.1.3.2) lib/active_support/tagged_logging.rb:99:in `block in tagged'
activesupport (6.1.3.2) lib/active_support/tagged_logging.rb:37:in `tagged'
activesupport (6.1.3.2) lib/active_support/tagged_logging.rb:99:in `tagged'
railties (6.1.3.2) lib/rails/rack/logger.rb:26:in `call'
actionpack (6.1.3.2) lib/action_dispatch/middleware/remote_ip.rb:81:in `call'
actionpack (6.1.3.2) lib/action_dispatch/middleware/request_id.rb:26:in `call'
rack (2.2.3) lib/rack/runtime.rb:22:in `call'
activesupport (6.1.3.2) lib/active_support/cache/strategy/local_cache_middleware.rb:29:in `call'
actionpack (6.1.3.2) lib/action_dispatch/middleware/executor.rb:14:in `call'
actionpack (6.1.3.2) lib/action_dispatch/middleware/static.rb:24:in `call'
rack (2.2.3) lib/rack/sendfile.rb:110:in `call'
actionpack (6.1.3.2) lib/action_dispatch/middleware/host_authorization.rb:98:in `call'
railties (6.1.3.2) lib/rails/engine.rb:539:in `call'
puma (5.3.2) lib/puma/configuration.rb:249:in `call'
puma (5.3.2) lib/puma/request.rb:77:in `block in handle_request'
puma (5.3.2) lib/puma/thread_pool.rb:338:in `with_force_shutdown'
puma (5.3.2) lib/puma/request.rb:76:in `handle_request'
puma (5.3.2) lib/puma/server.rb:438:in `process_client'
puma (5.3.2) lib/puma/thread_pool.rb:145:in `block in spawn_thread'
Started POST "/rails/actions" for ::1 at 2021-08-24 17:01:58 -0400
  [1m[35m (0.1ms)[0m  [1m[34mSELECT pg_try_advisory_lock(1087325618115650655)[0m
  [1m[35m (0.2ms)[0m  [1m[34mSELECT "schema_migrations"."version" FROM "schema_migrations" ORDER BY "schema_migrations"."version" ASC[0m
  [1m[36mActiveRecord::InternalMetadata Load (4.6ms)[0m  [1m[34mSELECT "ar_internal_metadata".* FROM "ar_internal_metadata" WHERE "ar_internal_metadata"."key" = $1 LIMIT $2[0m  [["key", "environment"], ["LIMIT", 1]]
  [1m[35m (0.2ms)[0m  [1m[34mSELECT pg_advisory_unlock(1087325618115650655)[0m
  [1m[35mCACHE  (0.0ms)[0m  [1m[34mSELECT "schema_migrations"."version" FROM "schema_migrations" ORDER BY "schema_migrations"."version" ASC[0m
Started GET "/" for ::1 at 2021-08-24 17:01:58 -0400
  [1m[35m (0.2ms)[0m  [1m[34mSELECT "schema_migrations"."version" FROM "schema_migrations" ORDER BY "schema_migrations"."version" ASC[0m
Processing by Rails::WelcomeController#index as HTML
  Rendering /Users/sandrawazaz/.rvm/gems/ruby-2.7.4/gems/railties-6.1.3.2/lib/rails/templates/rails/welcome/index.html.erb
  Rendered /Users/sandrawazaz/.rvm/gems/ruby-2.7.4/gems/railties-6.1.3.2/lib/rails/templates/rails/welcome/index.html.erb (Duration: 14.1ms | Allocations: 178)
Completed 200 OK in 16ms (Views: 15.0ms | ActiveRecord: 0.0ms | Allocations: 801)


Started GET "/favicon.ico" for ::1 at 2021-08-24 17:01:58 -0400
  
ActionController::RoutingError (No route matches [GET] "/favicon.ico"):
  
Started GET "/" for ::1 at 2021-08-24 17:08:35 -0400
Processing by Rails::WelcomeController#index as HTML
  Rendering /Users/sandrawazaz/.rvm/gems/ruby-2.7.4/gems/railties-6.1.3.2/lib/rails/templates/rails/welcome/index.html.erb
  Rendered /Users/sandrawazaz/.rvm/gems/ruby-2.7.4/gems/railties-6.1.3.2/lib/rails/templates/rails/welcome/index.html.erb (Duration: 0.3ms | Allocations: 7)
Completed 200 OK in 1ms (Views: 0.9ms | Allocations: 230)


Started GET "/favicon.ico" for ::1 at 2021-08-24 17:08:35 -0400
  
ActionController::RoutingError (No route matches [GET] "/favicon.ico"):
  
Started GET "/workouts" for ::1 at 2021-08-24 17:08:41 -0400
Processing by WorkoutsController#index as HTML
  [1m[36mWorkout Load (1.0ms)[0m  [1m[34mSELECT "workouts".* FROM "workouts"[0m
  ↳ app/controllers/workouts_controller.rb:5:in `index'
No serializer found for resource: #<Workout id: 1, name: "Booty Buster", description: "Bust your butt for the summer!", image: "https://www.mensjournal.com/wp-content/uploads/mf/...", created_at: "2021-08-24 20:58:28.708413000 +0000", updated_at: "2021-08-24 20:58:28.708413000 +0000">
[active_model_serializers] Rendered ActiveModel::Serializer::CollectionSerializer with Workout::ActiveRecord_Relation (2.2ms)
Completed 200 OK in 80ms (Views: 65.4ms | ActiveRecord: 22.5ms | Allocations: 9452)


Started GET "/favicon.ico" for ::1 at 2021-08-24 17:08:41 -0400
  
ActionController::RoutingError (No route matches [GET] "/favicon.ico"):
  
Started GET "/user/1" for ::1 at 2021-08-24 17:15:42 -0400
Processing by FallbackController#index as HTML
  Parameters: {"path"=>"user/1"}
Completed 500 Internal Server Error in 3ms (Allocations: 329)


  
ArgumentError (`render file:` should be given the absolute path to a file. 'public/index.html' was given instead):
  
app/controllers/fallback_controller.rb:7:in `index'
Started GET "/favicon.ico" for ::1 at 2021-08-24 17:15:43 -0400
  
ActionController::RoutingError (No route matches [GET] "/favicon.ico"):
  
Started GET "/user/1" for ::1 at 2021-08-24 17:15:54 -0400
Processing by FallbackController#index as HTML
  Parameters: {"path"=>"user/1"}
Completed 500 Internal Server Error in 2ms (Allocations: 181)


  
ArgumentError (`render file:` should be given the absolute path to a file. 'public/index.html' was given instead):
  
app/controllers/fallback_controller.rb:7:in `index'
Started GET "/favicon.ico" for ::1 at 2021-08-24 17:15:54 -0400
  
ActionController::RoutingError (No route matches [GET] "/favicon.ico"):
  
Started GET "/users/1" for ::1 at 2021-08-24 17:15:59 -0400
Processing by UsersController#show as HTML
  Parameters: {"id"=>"1"}
  [1m[36mUser Load (0.4ms)[0m  [1m[34mSELECT "users".* FROM "users" WHERE "users"."id" = $1 LIMIT $2[0m  [["id", 1], ["LIMIT", 1]]
  ↳ app/controllers/users_controller.rb:4:in `show'
[active_model_serializers] Rendered ActiveModel::Serializer::Null with User (0.72ms)
Completed 200 OK in 41ms (Views: 5.4ms | ActiveRecord: 12.1ms | Allocations: 9604)


Started GET "/favicon.ico" for ::1 at 2021-08-24 17:15:59 -0400
  
ActionController::RoutingError (No route matches [GET] "/favicon.ico"):
  
Started GET "/reviews" for ::1 at 2021-08-24 17:34:05 -0400
Processing by ReviewsController#index as HTML
  [1m[36mReview Load (0.7ms)[0m  [1m[34mSELECT "reviews".* FROM "reviews"[0m
  ↳ app/controllers/reviews_controller.rb:5:in `index'
No serializer found for resource: #<Review id: 1, comment: "Kicked my butt!", rating: 7, user_id: 1, workout_id: 1, created_at: "2021-08-24 20:58:28.791880000 +0000", updated_at: "2021-08-24 20:58:28.791880000 +0000">
[active_model_serializers] Rendered ActiveModel::Serializer::CollectionSerializer with Review::ActiveRecord_Relation (0.62ms)
Completed 200 OK in 43ms (Views: 37.2ms | ActiveRecord: 13.2ms | Allocations: 7553)


Started GET "/favicon.ico" for ::1 at 2021-08-24 17:34:06 -0400
  
ActionController::RoutingError (No route matches [GET] "/favicon.ico"):
  
Started GET "/lists" for ::1 at 2021-08-24 17:36:49 -0400
  
AbstractController::ActionNotFound (The action 'index' could not be found for ListsController):
  
actionpack (6.1.3.2) lib/abstract_controller/base.rb:160:in `process'
actionpack (6.1.3.2) lib/action_controller/metal.rb:190:in `dispatch'
actionpack (6.1.3.2) lib/action_controller/metal.rb:254:in `dispatch'
actionpack (6.1.3.2) lib/action_dispatch/routing/route_set.rb:50:in `dispatch'
actionpack (6.1.3.2) lib/action_dispatch/routing/route_set.rb:33:in `serve'
actionpack (6.1.3.2) lib/action_dispatch/journey/router.rb:50:in `block in serve'
actionpack (6.1.3.2) lib/action_dispatch/journey/router.rb:32:in `each'
actionpack (6.1.3.2) lib/action_dispatch/journey/router.rb:32:in `serve'
actionpack (6.1.3.2) lib/action_dispatch/routing/route_set.rb:842:in `call'
rack (2.2.3) lib/rack/session/abstract/id.rb:266:in `context'
rack (2.2.3) lib/rack/session/abstract/id.rb:260:in `call'
actionpack (6.1.3.2) lib/action_dispatch/middleware/cookies.rb:689:in `call'
rack (2.2.3) lib/rack/etag.rb:27:in `call'
rack (2.2.3) lib/rack/conditional_get.rb:27:in `call'
rack (2.2.3) lib/rack/head.rb:12:in `call'
activerecord (6.1.3.2) lib/active_record/migration.rb:601:in `call'
actionpack (6.1.3.2) lib/action_dispatch/middleware/callbacks.rb:27:in `block in call'
activesupport (6.1.3.2) lib/active_support/callbacks.rb:98:in `run_callbacks'
actionpack (6.1.3.2) lib/action_dispatch/middleware/callbacks.rb:26:in `call'
actionpack (6.1.3.2) lib/action_dispatch/middleware/executor.rb:14:in `call'
actionpack (6.1.3.2) lib/action_dispatch/middleware/actionable_exceptions.rb:18:in `call'
actionpack (6.1.3.2) lib/action_dispatch/middleware/debug_exceptions.rb:29:in `call'
actionpack (6.1.3.2) lib/action_dispatch/middleware/show_exceptions.rb:33:in `call'
railties (6.1.3.2) lib/rails/rack/logger.rb:37:in `call_app'
railties (6.1.3.2) lib/rails/rack/logger.rb:26:in `block in call'
activesupport (6.1.3.2) lib/active_support/tagged_logging.rb:99:in `block in tagged'
activesupport (6.1.3.2) lib/active_support/tagged_logging.rb:37:in `tagged'
activesupport (6.1.3.2) lib/active_support/tagged_logging.rb:99:in `tagged'
railties (6.1.3.2) lib/rails/rack/logger.rb:26:in `call'
actionpack (6.1.3.2) lib/action_dispatch/middleware/remote_ip.rb:81:in `call'
actionpack (6.1.3.2) lib/action_dispatch/middleware/request_id.rb:26:in `call'
rack (2.2.3) lib/rack/runtime.rb:22:in `call'
activesupport (6.1.3.2) lib/active_support/cache/strategy/local_cache_middleware.rb:29:in `call'
actionpack (6.1.3.2) lib/action_dispatch/middleware/executor.rb:14:in `call'
actionpack (6.1.3.2) lib/action_dispatch/middleware/static.rb:24:in `call'
rack (2.2.3) lib/rack/sendfile.rb:110:in `call'
actionpack (6.1.3.2) lib/action_dispatch/middleware/host_authorization.rb:98:in `call'
railties (6.1.3.2) lib/rails/engine.rb:539:in `call'
puma (5.3.2) lib/puma/configuration.rb:249:in `call'
puma (5.3.2) lib/puma/request.rb:77:in `block in handle_request'
puma (5.3.2) lib/puma/thread_pool.rb:338:in `with_force_shutdown'
puma (5.3.2) lib/puma/request.rb:76:in `handle_request'
puma (5.3.2) lib/puma/server.rb:438:in `process_client'
puma (5.3.2) lib/puma/thread_pool.rb:145:in `block in spawn_thread'
Started GET "/favicon.ico" for ::1 at 2021-08-24 17:36:49 -0400
  
ActionController::RoutingError (No route matches [GET] "/favicon.ico"):
  
Started GET "/lists" for ::1 at 2021-08-24 17:37:43 -0400
Processing by ListsController#index as HTML
  [1m[36mList Load (5.0ms)[0m  [1m[34mSELECT "lists".* FROM "lists"[0m
  ↳ app/controllers/lists_controller.rb:5:in `index'
No serializer found for resource: #<List id: 1, user_id: 1, workout_id: 1, created_at: "2021-08-24 20:58:28.759901000 +0000", updated_at: "2021-08-24 20:58:28.759901000 +0000">
[active_model_serializers] Rendered ActiveModel::Serializer::CollectionSerializer with List::ActiveRecord_Relation (0.3ms)
Completed 200 OK in 22ms (Views: 8.9ms | ActiveRecord: 10.0ms | Allocations: 3982)


Started GET "/favicon.ico" for ::1 at 2021-08-24 17:37:43 -0400
  
ActionController::RoutingError (No route matches [GET] "/favicon.ico"):
  
Started GET "/lists/2" for ::1 at 2021-08-24 17:39:07 -0400
Processing by ListsController#show as HTML
  Parameters: {"id"=>"2"}
  [1m[36mList Load (0.2ms)[0m  [1m[34mSELECT "lists".* FROM "lists" WHERE "lists"."id" = $1 LIMIT $2[0m  [["id", 2], ["LIMIT", 1]]
  ↳ app/controllers/lists_controller.rb:4:in `show'
[active_model_serializers] Rendered ActiveModel::Serializer::Null with List (0.22ms)
Completed 200 OK in 16ms (Views: 0.9ms | ActiveRecord: 3.7ms | Allocations: 3705)


Started GET "/favicon.ico" for ::1 at 2021-08-24 17:39:07 -0400
  
ActionController::RoutingError (No route matches [GET] "/favicon.ico"):
  
Started GET "/user/2" for ::1 at 2021-08-24 18:09:47 -0400
Processing by FallbackController#index as HTML
  Parameters: {"path"=>"user/2"}
Completed 500 Internal Server Error in 2ms (Allocations: 292)


  
ArgumentError (`render file:` should be given the absolute path to a file. 'public/index.html' was given instead):
  
app/controllers/fallback_controller.rb:7:in `index'
Started GET "/favicon.ico" for ::1 at 2021-08-24 18:09:47 -0400
  
ActionController::RoutingError (No route matches [GET] "/favicon.ico"):
  
Started GET "/user/2" for ::1 at 2021-08-24 18:09:49 -0400
Processing by FallbackController#index as HTML
  Parameters: {"path"=>"user/2"}
Completed 500 Internal Server Error in 0ms (Allocations: 179)


  
ArgumentError (`render file:` should be given the absolute path to a file. 'public/index.html' was given instead):
  
app/controllers/fallback_controller.rb:7:in `index'
Started GET "/favicon.ico" for ::1 at 2021-08-24 18:09:49 -0400
  
ActionController::RoutingError (No route matches [GET] "/favicon.ico"):
  
Started GET "/users/2" for ::1 at 2021-08-24 18:09:55 -0400
Processing by UsersController#show as HTML
  Parameters: {"id"=>"2"}
  [1m[36mUser Load (0.6ms)[0m  [1m[34mSELECT "users".* FROM "users" WHERE "users"."id" = $1 LIMIT $2[0m  [["id", 2], ["LIMIT", 1]]
  ↳ app/controllers/users_controller.rb:4:in `show'
[active_model_serializers] Rendered ActiveModel::Serializer::Null with User (0.74ms)
Completed 200 OK in 74ms (Views: 3.7ms | ActiveRecord: 26.8ms | Allocations: 9120)


Started GET "/favicon.ico" for ::1 at 2021-08-24 18:09:55 -0400
  
ActionController::RoutingError (No route matches [GET] "/favicon.ico"):
  
Started GET "/workouts" for ::1 at 2021-08-24 18:10:10 -0400
Processing by WorkoutsController#index as HTML
  [1m[36mWorkout Load (6.2ms)[0m  [1m[34mSELECT "workouts".* FROM "workouts"[0m
  ↳ app/controllers/workouts_controller.rb:5:in `index'
No serializer found for resource: #<Workout id: 1, name: "Booty Buster", description: "Bust your butt for the summer!", image: "https://www.mensjournal.com/wp-content/uploads/mf/...", created_at: "2021-08-24 20:58:28.708413000 +0000", updated_at: "2021-08-24 20:58:28.708413000 +0000">
[active_model_serializers] Rendered ActiveModel::Serializer::CollectionSerializer with Workout::ActiveRecord_Relation (1.21ms)
Completed 200 OK in 43ms (Views: 18.4ms | ActiveRecord: 14.0ms | Allocations: 5944)


Started GET "/favicon.ico" for ::1 at 2021-08-24 18:10:10 -0400
  
ActionController::RoutingError (No route matches [GET] "/favicon.ico"):
  
Started GET "/reviews" for ::1 at 2021-08-24 18:10:36 -0400
Processing by ReviewsController#index as HTML
  [1m[36mReview Load (1.1ms)[0m  [1m[34mSELECT "reviews".* FROM "reviews"[0m
  ↳ app/controllers/reviews_controller.rb:5:in `index'
No serializer found for resource: #<Review id: 1, comment: "Kicked my butt!", rating: 7, user_id: 1, workout_id: 1, created_at: "2021-08-24 20:58:28.791880000 +0000", updated_at: "2021-08-24 20:58:28.791880000 +0000">
[active_model_serializers] Rendered ActiveModel::Serializer::CollectionSerializer with Review::ActiveRecord_Relation (1.28ms)
Completed 200 OK in 37ms (Views: 20.6ms | ActiveRecord: 11.7ms | Allocations: 4535)


Started GET "/favicon.ico" for ::1 at 2021-08-24 18:10:36 -0400
  
ActionController::RoutingError (No route matches [GET] "/favicon.ico"):
  
